[0512/182615.532:ERROR:tracking_data_utils.cc(72)] Can't read edition: missing value.
[0512/182615.996:INFO:browser_installation_event_reporter.cc(142)] Installed browsers:
[0512/182615.996:INFO:browser_installation_event_reporter.cc(144)] Chrome
[0512/182645.555:ERROR:tracking_data_utils.cc(72)] Can't read edition: missing value.
[0512/182734.005:INFO:request_handler.cc(342)] Handling periodic notification check event.
[0512/182734.006:INFO:request_handler.cc(392)] Requesting notification list from: https://browser-notifications.opera.com/api/v1/
[0512/182734.180:INFO:request_handler.cc(135)] Request performed successfully, server responded with code: 204
[0512/182734.180:ERROR:request_handler.cc(146)] Server responded with non-success code: 204
[0512/182734.181:INFO:request_handler.cc(660)] Finishing handling event.
[0512/192745.188:INFO:request_handler.cc(342)] Handling periodic notification check event.
[0512/192745.189:INFO:request_handler.cc(392)] Requesting notification list from: https://browser-notifications.opera.com/api/v1/
[0512/192745.318:INFO:request_handler.cc(135)] Request performed successfully, server responded with code: 204
[0512/192745.318:ERROR:request_handler.cc(146)] Server responded with non-success code: 204
[0512/192745.319:INFO:request_handler.cc(660)] Finishing handling event.
[0512/202747.321:INFO:request_handler.cc(342)] Handling periodic notification check event.
[0512/202747.322:INFO:request_handler.cc(392)] Requesting notification list from: https://browser-notifications.opera.com/api/v1/
[0512/202747.441:INFO:request_handler.cc(135)] Request performed successfully, server responded with code: 204
[0512/202747.441:ERROR:request_handler.cc(146)] Server responded with non-success code: 204
[0512/202747.442:INFO:request_handler.cc(660)] Finishing handling event.
[0512/212719.451:INFO:request_handler.cc(342)] Handling periodic notification check event.
[0512/212719.452:INFO:request_handler.cc(392)] Requesting notification list from: https://browser-notifications.opera.com/api/v1/
[0512/212719.593:INFO:request_handler.cc(135)] Request performed successfully, server responded with code: 204
[0512/212719.593:ERROR:request_handler.cc(146)] Server responded with non-success code: 204
[0512/212719.594:INFO:request_handler.cc(660)] Finishing handling event.
[0512/222700.602:INFO:request_handler.cc(342)] Handling periodic notification check event.
[0512/222700.602:INFO:request_handler.cc(392)] Requesting notification list from: https://browser-notifications.opera.com/api/v1/
[0512/222700.763:INFO:request_handler.cc(135)] Request performed successfully, server responded with code: 204
[0512/222700.763:ERROR:request_handler.cc(146)] Server responded with non-success code: 204
[0512/222700.764:INFO:request_handler.cc(660)] Finishing handling event.
[0513/111211.975:ERROR:tracking_data_utils.cc(72)] Can't read edition: missing value.
[0513/111212.094:INFO:browser_installation_event_reporter.cc(142)] Installed browsers:
[0513/111212.094:INFO:browser_installation_event_reporter.cc(144)] Chrome
[0513/111241.997:ERROR:tracking_data_utils.cc(72)] Can't read edition: missing value.
[0513/111342.098:INFO:request_handler.cc(342)] Handling periodic notification check event.
[0513/111342.099:INFO:request_handler.cc(392)] Requesting notification list from: https://browser-notifications.opera.com/api/v1/
[0513/111342.195:INFO:request_handler.cc(135)] Request performed successfully, server responded with code: 204
[0513/111342.195:ERROR:request_handler.cc(146)] Server responded with non-success code: 204
[0513/111342.196:INFO:request_handler.cc(660)] Finishing handling event.
[0513/121330.209:INFO:request_handler.cc(342)] Handling periodic notification check event.
[0513/121330.210:INFO:request_handler.cc(392)] Requesting notification list from: https://browser-notifications.opera.com/api/v1/
[0513/121330.322:INFO:request_handler.cc(135)] Request performed successfully, server responded with code: 204
[0513/121330.322:ERROR:request_handler.cc(146)] Server responded with non-success code: 204
[0513/121330.323:INFO:request_handler.cc(660)] Finishing handling event.
[0513/124113.449:ERROR:tracking_data_utils.cc(72)] Can't read edition: missing value.
[0513/124113.545:INFO:browser_installation_event_reporter.cc(142)] Installed browsers:
[0513/124113.545:INFO:browser_installation_event_reporter.cc(144)] Chrome
[0513/124143.474:ERROR:tracking_data_utils.cc(72)] Can't read edition: missing value.
[0513/124236.548:INFO:request_handler.cc(342)] Handling periodic notification check event.
[0513/124236.549:INFO:request_handler.cc(392)] Requesting notification list from: https://browser-notifications.opera.com/api/v1/
[0513/124236.650:INFO:request_handler.cc(135)] Request performed successfully, server responded with code: 204
[0513/124236.650:ERROR:request_handler.cc(146)] Server responded with non-success code: 204
[0513/124236.651:INFO:request_handler.cc(660)] Finishing handling event.
[0513/134306.658:INFO:request_handler.cc(342)] Handling periodic notification check event.
[0513/134306.658:INFO:request_handler.cc(392)] Requesting notification list from: https://browser-notifications.opera.com/api/v1/
[0513/134306.758:INFO:request_handler.cc(135)] Request performed successfully, server responded with code: 204
[0513/134306.758:ERROR:request_handler.cc(146)] Server responded with non-success code: 204
[0513/134306.759:INFO:request_handler.cc(660)] Finishing handling event.
[0513/144107.099:ERROR:tracking_data_utils.cc(72)] Can't read edition: missing value.
[0513/144107.198:INFO:browser_installation_event_reporter.cc(142)] Installed browsers:
[0513/144107.198:INFO:browser_installation_event_reporter.cc(144)] Chrome
[0513/144137.129:ERROR:tracking_data_utils.cc(72)] Can't read edition: missing value.
[0513/144237.199:INFO:request_handler.cc(342)] Handling periodic notification check event.
[0513/144237.200:INFO:request_handler.cc(392)] Requesting notification list from: https://browser-notifications.opera.com/api/v1/
[0513/144237.310:INFO:request_handler.cc(135)] Request performed successfully, server responded with code: 204
[0513/144237.311:ERROR:request_handler.cc(146)] Server responded with non-success code: 204
[0513/144237.311:INFO:request_handler.cc(660)] Finishing handling event.
[0513/154221.324:INFO:request_handler.cc(342)] Handling periodic notification check event.
[0513/154221.325:INFO:request_handler.cc(392)] Requesting notification list from: https://browser-notifications.opera.com/api/v1/
[0513/154221.417:INFO:request_handler.cc(135)] Request performed successfully, server responded with code: 204
[0513/154221.417:ERROR:request_handler.cc(146)] Server responded with non-success code: 204
[0513/154221.418:INFO:request_handler.cc(660)] Finishing handling event.
[0513/164216.430:INFO:request_handler.cc(342)] Handling periodic notification check event.
[0513/164216.437:INFO:request_handler.cc(392)] Requesting notification list from: https://browser-notifications.opera.com/api/v1/
[0513/164216.529:INFO:request_handler.cc(135)] Request performed successfully, server responded with code: 204
[0513/164216.529:ERROR:request_handler.cc(146)] Server responded with non-success code: 204
[0513/164216.530:INFO:request_handler.cc(660)] Finishing handling event.
[0513/190321.969:ERROR:tracking_data_utils.cc(72)] Can't read edition: missing value.
[0513/190322.061:INFO:browser_installation_event_reporter.cc(142)] Installed browsers:
[0513/190322.061:INFO:browser_installation_event_reporter.cc(144)] Chrome
[0513/190351.999:ERROR:tracking_data_utils.cc(72)] Can't read edition: missing value.
[0513/190419.064:INFO:request_handler.cc(342)] Handling periodic notification check event.
[0513/190419.065:INFO:request_handler.cc(392)] Requesting notification list from: https://browser-notifications.opera.com/api/v1/
[0513/190419.256:INFO:request_handler.cc(135)] Request performed successfully, server responded with code: 204
[0513/190419.257:ERROR:request_handler.cc(146)] Server responded with non-success code: 204
[0513/190419.257:INFO:request_handler.cc(660)] Finishing handling event.
[0513/200441.262:INFO:request_handler.cc(342)] Handling periodic notification check event.
[0513/200441.262:INFO:request_handler.cc(392)] Requesting notification list from: https://browser-notifications.opera.com/api/v1/
[0513/200441.376:INFO:request_handler.cc(135)] Request performed successfully, server responded with code: 204
[0513/200441.376:ERROR:request_handler.cc(146)] Server responded with non-success code: 204
[0513/200441.377:INFO:request_handler.cc(660)] Finishing handling event.
[0513/201809.660:ERROR:tracking_data_utils.cc(72)] Can't read edition: missing value.
[0513/201809.780:INFO:browser_installation_event_reporter.cc(142)] Installed browsers:
[0513/201809.780:INFO:browser_installation_event_reporter.cc(144)] Chrome
[0513/201839.678:ERROR:tracking_data_utils.cc(72)] Can't read edition: missing value.
[0513/201856.791:INFO:request_handler.cc(342)] Handling periodic notification check event.
[0513/201856.792:INFO:request_handler.cc(392)] Requesting notification list from: https://browser-notifications.opera.com/api/v1/
[0513/201856.934:INFO:request_handler.cc(135)] Request performed successfully, server responded with code: 204
[0513/201856.935:ERROR:request_handler.cc(146)] Server responded with non-success code: 204
[0513/201856.935:INFO:request_handler.cc(660)] Finishing handling event.
[0513/211855.951:INFO:request_handler.cc(342)] Handling periodic notification check event.
[0513/211855.952:INFO:request_handler.cc(392)] Requesting notification list from: https://browser-notifications.opera.com/api/v1/
[0513/211856.066:INFO:request_handler.cc(135)] Request performed successfully, server responded with code: 204
[0513/211856.066:ERROR:request_handler.cc(146)] Server responded with non-success code: 204
[0513/211856.067:INFO:request_handler.cc(660)] Finishing handling event.
[0514/093255.547:ERROR:tracking_data_utils.cc(72)] Can't read edition: missing value.
[0514/093255.773:INFO:browser_installation_event_reporter.cc(142)] Installed browsers:
[0514/093255.773:INFO:browser_installation_event_reporter.cc(144)] Chrome
[0514/093325.589:ERROR:tracking_data_utils.cc(72)] Can't read edition: missing value.
[0514/093330.786:INFO:request_handler.cc(342)] Handling periodic notification check event.
[0514/093330.787:INFO:request_handler.cc(392)] Requesting notification list from: https://browser-notifications.opera.com/api/v1/
[0514/093330.907:INFO:request_handler.cc(135)] Request performed successfully, server responded with code: 204
[0514/093330.907:ERROR:request_handler.cc(146)] Server responded with non-success code: 204
[0514/093330.908:INFO:request_handler.cc(660)] Finishing handling event.
[0514/103358.909:INFO:request_handler.cc(342)] Handling periodic notification check event.
[0514/103358.910:INFO:request_handler.cc(392)] Requesting notification list from: https://browser-notifications.opera.com/api/v1/
[0514/103359.033:INFO:request_handler.cc(135)] Request performed successfully, server responded with code: 204
[0514/103359.033:ERROR:request_handler.cc(146)] Server responded with non-success code: 204
[0514/103359.034:INFO:request_handler.cc(660)] Finishing handling event.
[0514/113356.045:INFO:request_handler.cc(342)] Handling periodic notification check event.
[0514/113356.045:INFO:request_handler.cc(392)] Requesting notification list from: https://browser-notifications.opera.com/api/v1/
[0514/113356.229:INFO:request_handler.cc(135)] Request performed successfully, server responded with code: 204
[0514/113356.229:ERROR:request_handler.cc(146)] Server responded with non-success code: 204
[0514/113356.230:INFO:request_handler.cc(660)] Finishing handling event.
[0514/123358.235:INFO:request_handler.cc(342)] Handling periodic notification check event.
[0514/123358.235:INFO:request_handler.cc(392)] Requesting notification list from: https://browser-notifications.opera.com/api/v1/
[0514/123358.324:INFO:request_handler.cc(135)] Request performed successfully, server responded with code: 204
[0514/123358.324:ERROR:request_handler.cc(146)] Server responded with non-success code: 204
[0514/123358.325:INFO:request_handler.cc(660)] Finishing handling event.
[0514/133414.328:INFO:request_handler.cc(342)] Handling periodic notification check event.
[0514/133414.329:INFO:request_handler.cc(392)] Requesting notification list from: https://browser-notifications.opera.com/api/v1/
[0514/133414.464:INFO:request_handler.cc(135)] Request performed successfully, server responded with code: 204
[0514/133414.464:ERROR:request_handler.cc(146)] Server responded with non-success code: 204
[0514/133414.466:INFO:request_handler.cc(660)] Finishing handling event.
[0514/143358.469:INFO:request_handler.cc(342)] Handling periodic notification check event.
[0514/143358.470:INFO:request_handler.cc(392)] Requesting notification list from: https://browser-notifications.opera.com/api/v1/
[0514/143358.556:INFO:request_handler.cc(135)] Request performed successfully, server responded with code: 204
[0514/143358.556:ERROR:request_handler.cc(146)] Server responded with non-success code: 204
[0514/143358.557:INFO:request_handler.cc(660)] Finishing handling event.
[0514/145902.751:ERROR:tracking_data_utils.cc(72)] Can't read edition: missing value.
[0514/145902.854:INFO:browser_installation_event_reporter.cc(142)] Installed browsers:
[0514/145902.854:INFO:browser_installation_event_reporter.cc(144)] Chrome
[0514/145932.775:ERROR:tracking_data_utils.cc(72)] Can't read edition: missing value.
[0514/150009.868:INFO:request_handler.cc(342)] Handling periodic notification check event.
[0514/150009.868:INFO:request_handler.cc(392)] Requesting notification list from: https://browser-notifications.opera.com/api/v1/
[0514/150009.991:INFO:request_handler.cc(135)] Request performed successfully, server responded with code: 204
[0514/150009.991:ERROR:request_handler.cc(146)] Server responded with non-success code: 204
[0514/150009.992:INFO:request_handler.cc(660)] Finishing handling event.
[0514/155953.998:INFO:request_handler.cc(342)] Handling periodic notification check event.
[0514/155953.999:INFO:request_handler.cc(392)] Requesting notification list from: https://browser-notifications.opera.com/api/v1/
[0514/155954.095:INFO:request_handler.cc(135)] Request performed successfully, server responded with code: 204
[0514/155954.095:ERROR:request_handler.cc(146)] Server responded with non-success code: 204
[0514/155954.096:INFO:request_handler.cc(660)] Finishing handling event.
[0514/165943.097:INFO:request_handler.cc(342)] Handling periodic notification check event.
[0514/165943.098:INFO:request_handler.cc(392)] Requesting notification list from: https://browser-notifications.opera.com/api/v1/
[0514/165943.193:INFO:request_handler.cc(135)] Request performed successfully, server responded with code: 204
[0514/165943.193:ERROR:request_handler.cc(146)] Server responded with non-success code: 204
[0514/165943.194:INFO:request_handler.cc(660)] Finishing handling event.
[0514/180006.209:INFO:request_handler.cc(342)] Handling periodic notification check event.
[0514/180006.210:INFO:request_handler.cc(392)] Requesting notification list from: https://browser-notifications.opera.com/api/v1/
[0514/180006.322:INFO:request_handler.cc(135)] Request performed successfully, server responded with code: 204
[0514/180006.322:ERROR:request_handler.cc(146)] Server responded with non-success code: 204
[0514/180006.323:INFO:request_handler.cc(660)] Finishing handling event.
[0514/185952.335:INFO:request_handler.cc(342)] Handling periodic notification check event.
[0514/185952.336:INFO:request_handler.cc(392)] Requesting notification list from: https://browser-notifications.opera.com/api/v1/
[0514/185952.456:INFO:request_handler.cc(135)] Request performed successfully, server responded with code: 204
[0514/185952.456:ERROR:request_handler.cc(146)] Server responded with non-success code: 204
[0514/185952.457:INFO:request_handler.cc(660)] Finishing handling event.
[0514/195932.469:INFO:request_handler.cc(342)] Handling periodic notification check event.
[0514/195932.478:INFO:request_handler.cc(392)] Requesting notification list from: https://browser-notifications.opera.com/api/v1/
[0514/195932.573:INFO:request_handler.cc(135)] Request performed successfully, server responded with code: 204
[0514/195932.574:ERROR:request_handler.cc(146)] Server responded with non-success code: 204
[0514/195932.575:INFO:request_handler.cc(660)] Finishing handling event.
[0514/205931.581:INFO:request_handler.cc(342)] Handling periodic notification check event.
[0514/205931.589:INFO:request_handler.cc(392)] Requesting notification list from: https://browser-notifications.opera.com/api/v1/
[0514/205931.693:INFO:request_handler.cc(135)] Request performed successfully, server responded with code: 204
[0514/205931.693:ERROR:request_handler.cc(146)] Server responded with non-success code: 204
[0514/205931.694:INFO:request_handler.cc(660)] Finishing handling event.
[0515/074438.029:ERROR:tracking_data_utils.cc(72)] Can't read edition: missing value.
[0515/074438.153:INFO:browser_installation_event_reporter.cc(142)] Installed browsers:
[0515/074438.153:INFO:browser_installation_event_reporter.cc(144)] Chrome
[0515/074508.055:ERROR:tracking_data_utils.cc(72)] Can't read edition: missing value.
[0515/121606.839:ERROR:tracking_data_utils.cc(72)] Can't read edition: missing value.
[0515/121606.986:INFO:browser_installation_event_reporter.cc(142)] Installed browsers:
[0515/121606.986:INFO:browser_installation_event_reporter.cc(144)] Chrome
[0515/121636.901:ERROR:tracking_data_utils.cc(72)] Can't read edition: missing value.
[0515/121708.992:INFO:request_handler.cc(342)] Handling periodic notification check event.
[0515/121708.998:INFO:request_handler.cc(392)] Requesting notification list from: https://browser-notifications.opera.com/api/v1/
[0515/121710.749:INFO:request_handler.cc(135)] Request performed successfully, server responded with code: 204
[0515/121710.749:ERROR:request_handler.cc(146)] Server responded with non-success code: 204
[0515/121710.750:INFO:request_handler.cc(660)] Finishing handling event.
[0515/122142.498:ERROR:tracking_data_utils.cc(72)] Can't read edition: missing value.
[0515/122142.624:INFO:browser_installation_event_reporter.cc(142)] Installed browsers:
[0515/122142.624:INFO:browser_installation_event_reporter.cc(144)] Chrome
[0515/122212.515:ERROR:tracking_data_utils.cc(72)] Can't read edition: missing value.
[0515/122247.640:INFO:request_handler.cc(348)] Handling periodic notification check event.
[0515/122247.642:INFO:request_handler.cc(398)] Requesting notification list from: https://browser-notifications.opera.com/api/v1/
[0515/122257.115:INFO:request_handler.cc(137)] Request performed successfully, server responded with code: 204
[0515/122257.115:ERROR:request_handler.cc(148)] Server responded with non-success code: 204
[0515/122257.116:INFO:request_handler.cc(666)] Finishing handling event.
[0515/123033.200:ERROR:tracking_data_utils.cc(72)] Can't read edition: missing value.
[0515/123033.326:INFO:browser_installation_event_reporter.cc(142)] Installed browsers:
[0515/123033.326:INFO:browser_installation_event_reporter.cc(144)] Chrome
[0515/123103.220:ERROR:tracking_data_utils.cc(72)] Can't read edition: missing value.
[0515/123131.336:INFO:request_handler.cc(348)] Handling periodic notification check event.
[0515/123131.345:INFO:request_handler.cc(398)] Requesting notification list from: https://browser-notifications.opera.com/api/v1/
[0515/123131.510:INFO:request_handler.cc(137)] Request performed successfully, server responded with code: 204
[0515/123131.511:ERROR:request_handler.cc(148)] Server responded with non-success code: 204
[0515/123131.512:INFO:request_handler.cc(666)] Finishing handling event.
[0515/133159.517:INFO:request_handler.cc(348)] Handling periodic notification check event.
[0515/133159.519:INFO:request_handler.cc(398)] Requesting notification list from: https://browser-notifications.opera.com/api/v1/
[0515/133159.659:INFO:request_handler.cc(137)] Request performed successfully, server responded with code: 204
[0515/133159.660:ERROR:request_handler.cc(148)] Server responded with non-success code: 204
[0515/133159.660:INFO:request_handler.cc(666)] Finishing handling event.
[0515/143138.674:INFO:request_handler.cc(348)] Handling periodic notification check event.
[0515/143138.682:INFO:request_handler.cc(398)] Requesting notification list from: https://browser-notifications.opera.com/api/v1/
[0515/143138.823:INFO:request_handler.cc(137)] Request performed successfully, server responded with code: 204
[0515/143138.823:ERROR:request_handler.cc(148)] Server responded with non-success code: 204
[0515/143138.824:INFO:request_handler.cc(666)] Finishing handling event.
[0515/153112.837:INFO:request_handler.cc(348)] Handling periodic notification check event.
[0515/153112.838:INFO:request_handler.cc(398)] Requesting notification list from: https://browser-notifications.opera.com/api/v1/
[0515/153112.962:INFO:request_handler.cc(137)] Request performed successfully, server responded with code: 204
[0515/153112.963:ERROR:request_handler.cc(148)] Server responded with non-success code: 204
[0515/153112.964:INFO:request_handler.cc(666)] Finishing handling event.
[0515/163118.978:INFO:request_handler.cc(348)] Handling periodic notification check event.
[0515/163118.979:INFO:request_handler.cc(398)] Requesting notification list from: https://browser-notifications.opera.com/api/v1/
[0515/163119.095:INFO:request_handler.cc(137)] Request performed successfully, server responded with code: 204
[0515/163119.095:ERROR:request_handler.cc(148)] Server responded with non-success code: 204
[0515/163119.096:INFO:request_handler.cc(666)] Finishing handling event.
[0515/173119.111:INFO:request_handler.cc(348)] Handling periodic notification check event.
[0515/173119.111:INFO:request_handler.cc(398)] Requesting notification list from: https://browser-notifications.opera.com/api/v1/
[0515/173119.208:INFO:request_handler.cc(137)] Request performed successfully, server responded with code: 204
[0515/173119.208:ERROR:request_handler.cc(148)] Server responded with non-success code: 204
[0515/173119.208:INFO:request_handler.cc(666)] Finishing handling event.
[0515/183135.213:INFO:request_handler.cc(348)] Handling periodic notification check event.
[0515/183135.213:INFO:request_handler.cc(398)] Requesting notification list from: https://browser-notifications.opera.com/api/v1/
[0515/183135.331:INFO:request_handler.cc(137)] Request performed successfully, server responded with code: 204
[0515/183135.331:ERROR:request_handler.cc(148)] Server responded with non-success code: 204
[0515/183135.333:INFO:request_handler.cc(666)] Finishing handling event.
[0515/193147.342:INFO:request_handler.cc(348)] Handling periodic notification check event.
[0515/193147.349:INFO:request_handler.cc(398)] Requesting notification list from: https://browser-notifications.opera.com/api/v1/
[0515/193147.459:INFO:request_handler.cc(137)] Request performed successfully, server responded with code: 204
[0515/193147.459:ERROR:request_handler.cc(148)] Server responded with non-success code: 204
[0515/193147.460:INFO:request_handler.cc(666)] Finishing handling event.
[0515/203147.462:INFO:request_handler.cc(348)] Handling periodic notification check event.
[0515/203147.463:INFO:request_handler.cc(398)] Requesting notification list from: https://browser-notifications.opera.com/api/v1/
[0515/203147.566:INFO:request_handler.cc(137)] Request performed successfully, server responded with code: 204
[0515/203147.566:ERROR:request_handler.cc(148)] Server responded with non-success code: 204
[0515/203147.568:INFO:request_handler.cc(666)] Finishing handling event.
[0515/213133.585:INFO:request_handler.cc(348)] Handling periodic notification check event.
[0515/213133.585:INFO:request_handler.cc(398)] Requesting notification list from: https://browser-notifications.opera.com/api/v1/
[0515/213133.680:INFO:request_handler.cc(137)] Request performed successfully, server responded with code: 204
[0515/213133.680:ERROR:request_handler.cc(148)] Server responded with non-success code: 204
[0515/213133.681:INFO:request_handler.cc(666)] Finishing handling event.
[0516/155231.081:ERROR:tracking_data_utils.cc(72)] Can't read edition: missing value.
[0516/155231.326:INFO:browser_installation_event_reporter.cc(142)] Installed browsers:
[0516/155231.326:INFO:browser_installation_event_reporter.cc(144)] Chrome
[0516/155301.092:ERROR:tracking_data_utils.cc(72)] Can't read edition: missing value.
[0516/155306.332:INFO:request_handler.cc(348)] Handling periodic notification check event.
[0516/155306.333:INFO:request_handler.cc(398)] Requesting notification list from: https://browser-notifications.opera.com/api/v1/
[0516/155307.280:INFO:request_handler.cc(137)] Request performed successfully, server responded with code: 204
[0516/155307.280:ERROR:request_handler.cc(148)] Server responded with non-success code: 204
[0516/155307.281:INFO:request_handler.cc(666)] Finishing handling event.
[0516/165305.294:INFO:request_handler.cc(348)] Handling periodic notification check event.
[0516/165305.300:INFO:request_handler.cc(398)] Requesting notification list from: https://browser-notifications.opera.com/api/v1/
[0516/165305.603:INFO:request_handler.cc(137)] Request performed successfully, server responded with code: 204
[0516/165305.603:ERROR:request_handler.cc(148)] Server responded with non-success code: 204
[0516/165305.604:INFO:request_handler.cc(666)] Finishing handling event.
[0516/185710.841:ERROR:tracking_data_utils.cc(72)] Can't read edition: missing value.
[0516/185711.032:INFO:browser_installation_event_reporter.cc(142)] Installed browsers:
[0516/185711.032:INFO:browser_installation_event_reporter.cc(144)] Chrome
[0516/185740.896:ERROR:tracking_data_utils.cc(72)] Can't read edition: missing value.
[0516/185744.033:INFO:request_handler.cc(348)] Handling periodic notification check event.
[0516/185744.041:INFO:request_handler.cc(398)] Requesting notification list from: https://browser-notifications.opera.com/api/v1/
[0516/185744.206:INFO:request_handler.cc(137)] Request performed successfully, server responded with code: 204
[0516/185744.206:ERROR:request_handler.cc(148)] Server responded with non-success code: 204
[0516/185744.207:INFO:request_handler.cc(666)] Finishing handling event.
[0516/195752.219:INFO:request_handler.cc(348)] Handling periodic notification check event.
[0516/195752.219:INFO:request_handler.cc(398)] Requesting notification list from: https://browser-notifications.opera.com/api/v1/
[0516/195752.362:INFO:request_handler.cc(137)] Request performed successfully, server responded with code: 204
[0516/195752.362:ERROR:request_handler.cc(148)] Server responded with non-success code: 204
[0516/195752.363:INFO:request_handler.cc(666)] Finishing handling event.
[0516/205735.380:INFO:request_handler.cc(348)] Handling periodic notification check event.
[0516/205735.388:INFO:request_handler.cc(398)] Requesting notification list from: https://browser-notifications.opera.com/api/v1/
[0516/205735.514:INFO:request_handler.cc(137)] Request performed successfully, server responded with code: 204
[0516/205735.514:ERROR:request_handler.cc(148)] Server responded with non-success code: 204
[0516/205735.515:INFO:request_handler.cc(666)] Finishing handling event.
[0516/215734.517:INFO:request_handler.cc(348)] Handling periodic notification check event.
[0516/215734.518:INFO:request_handler.cc(398)] Requesting notification list from: https://browser-notifications.opera.com/api/v1/
[0516/215734.742:INFO:request_handler.cc(137)] Request performed successfully, server responded with code: 204
[0516/215734.742:ERROR:request_handler.cc(148)] Server responded with non-success code: 204
[0516/215734.743:INFO:request_handler.cc(666)] Finishing handling event.
[0517/160244.647:ERROR:tracking_data_utils.cc(72)] Can't read edition: missing value.
[0517/160244.766:INFO:browser_installation_event_reporter.cc(142)] Installed browsers:
[0517/160244.766:INFO:browser_installation_event_reporter.cc(144)] Chrome
[0517/160314.732:ERROR:tracking_data_utils.cc(72)] Can't read edition: missing value.
[0517/160406.778:INFO:request_handler.cc(348)] Handling periodic notification check event.
[0517/160406.779:INFO:request_handler.cc(398)] Requesting notification list from: https://browser-notifications.opera.com/api/v1/
[0517/160406.900:INFO:request_handler.cc(137)] Request performed successfully, server responded with code: 204
[0517/160406.901:ERROR:request_handler.cc(148)] Server responded with non-success code: 204
[0517/160406.904:INFO:request_handler.cc(666)] Finishing handling event.
[0518/081857.793:ERROR:tracking_data_utils.cc(72)] Can't read edition: missing value.
[0518/081857.926:INFO:browser_installation_event_reporter.cc(142)] Installed browsers:
[0518/081857.926:INFO:browser_installation_event_reporter.cc(144)] Chrome
[0518/081927.804:ERROR:tracking_data_utils.cc(72)] Can't read edition: missing value.
[0518/081933.931:INFO:request_handler.cc(348)] Handling periodic notification check event.
[0518/081933.932:INFO:request_handler.cc(398)] Requesting notification list from: https://browser-notifications.opera.com/api/v1/
[0518/081934.169:INFO:request_handler.cc(137)] Request performed successfully, server responded with code: 204
[0518/081934.169:ERROR:request_handler.cc(148)] Server responded with non-success code: 204
[0518/081934.170:INFO:request_handler.cc(666)] Finishing handling event.
[0518/091924.179:INFO:request_handler.cc(348)] Handling periodic notification check event.
[0518/091924.189:INFO:request_handler.cc(398)] Requesting notification list from: https://browser-notifications.opera.com/api/v1/
[0518/091924.339:INFO:request_handler.cc(137)] Request performed successfully, server responded with code: 204
[0518/091924.339:ERROR:request_handler.cc(148)] Server responded with non-success code: 204
[0518/091924.340:INFO:request_handler.cc(666)] Finishing handling event.
[0518/101940.356:INFO:request_handler.cc(348)] Handling periodic notification check event.
[0518/101940.357:INFO:request_handler.cc(398)] Requesting notification list from: https://browser-notifications.opera.com/api/v1/
[0518/101940.494:INFO:request_handler.cc(137)] Request performed successfully, server responded with code: 204
[0518/101940.494:ERROR:request_handler.cc(148)] Server responded with non-success code: 204
[0518/101940.495:INFO:request_handler.cc(666)] Finishing handling event.
[0518/111913.506:INFO:request_handler.cc(348)] Handling periodic notification check event.
[0518/111913.506:INFO:request_handler.cc(398)] Requesting notification list from: https://browser-notifications.opera.com/api/v1/
[0518/111913.628:INFO:request_handler.cc(137)] Request performed successfully, server responded with code: 204
[0518/111913.628:ERROR:request_handler.cc(148)] Server responded with non-success code: 204
[0518/111913.628:INFO:request_handler.cc(666)] Finishing handling event.
[0518/121901.630:INFO:request_handler.cc(348)] Handling periodic notification check event.
[0518/121901.630:INFO:request_handler.cc(398)] Requesting notification list from: https://browser-notifications.opera.com/api/v1/
[0518/121901.753:INFO:request_handler.cc(137)] Request performed successfully, server responded with code: 204
[0518/121901.753:ERROR:request_handler.cc(148)] Server responded with non-success code: 204
[0518/121901.754:INFO:request_handler.cc(666)] Finishing handling event.
[0518/153724.989:ERROR:tracking_data_utils.cc(72)] Can't read edition: missing value.
[0518/153725.404:INFO:browser_installation_event_reporter.cc(142)] Installed browsers:
[0518/153725.404:INFO:browser_installation_event_reporter.cc(144)] Chrome
[0518/153755.009:ERROR:tracking_data_utils.cc(72)] Can't read edition: missing value.
[0518/153817.423:INFO:request_handler.cc(348)] Handling periodic notification check event.
[0518/153817.425:INFO:request_handler.cc(398)] Requesting notification list from: https://browser-notifications.opera.com/api/v1/
[0518/153817.564:INFO:request_handler.cc(137)] Request performed successfully, server responded with code: 204
[0518/153817.564:ERROR:request_handler.cc(148)] Server responded with non-success code: 204
[0518/153817.565:INFO:request_handler.cc(666)] Finishing handling event.
[0518/161118.190:ERROR:tracking_data_utils.cc(72)] Can't read edition: missing value.
[0518/161118.443:INFO:browser_installation_event_reporter.cc(142)] Installed browsers:
[0518/161118.443:INFO:browser_installation_event_reporter.cc(144)] Chrome
[0518/161148.215:ERROR:tracking_data_utils.cc(72)] Can't read edition: missing value.
[0518/161208.452:INFO:request_handler.cc(348)] Handling periodic notification check event.
[0518/161208.460:INFO:request_handler.cc(398)] Requesting notification list from: https://browser-notifications.opera.com/api/v1/
[0518/161208.611:INFO:request_handler.cc(137)] Request performed successfully, server responded with code: 204
[0518/161208.611:ERROR:request_handler.cc(148)] Server responded with non-success code: 204
[0518/161208.611:INFO:request_handler.cc(666)] Finishing handling event.
[0518/171238.618:INFO:request_handler.cc(348)] Handling periodic notification check event.
[0518/171238.620:INFO:request_handler.cc(398)] Requesting notification list from: https://browser-notifications.opera.com/api/v1/
[0518/171238.736:INFO:request_handler.cc(137)] Request performed successfully, server responded with code: 204
[0518/171238.736:ERROR:request_handler.cc(148)] Server responded with non-success code: 204
[0518/171238.737:INFO:request_handler.cc(666)] Finishing handling event.
[0518/181247.743:INFO:request_handler.cc(348)] Handling periodic notification check event.
[0518/181247.752:INFO:request_handler.cc(398)] Requesting notification list from: https://browser-notifications.opera.com/api/v1/
[0518/181247.881:INFO:request_handler.cc(137)] Request performed successfully, server responded with code: 204
[0518/181247.881:ERROR:request_handler.cc(148)] Server responded with non-success code: 204
[0518/181247.882:INFO:request_handler.cc(666)] Finishing handling event.
[0518/191314.895:INFO:request_handler.cc(348)] Handling periodic notification check event.
[0518/191314.896:INFO:request_handler.cc(398)] Requesting notification list from: https://browser-notifications.opera.com/api/v1/
[0518/191315.023:INFO:request_handler.cc(137)] Request performed successfully, server responded with code: 204
[0518/191315.023:ERROR:request_handler.cc(148)] Server responded with non-success code: 204
[0518/191315.024:INFO:request_handler.cc(666)] Finishing handling event.
[0518/201335.033:INFO:request_handler.cc(348)] Handling periodic notification check event.
[0518/201335.035:INFO:request_handler.cc(398)] Requesting notification list from: https://browser-notifications.opera.com/api/v1/
[0518/201335.243:INFO:request_handler.cc(137)] Request performed successfully, server responded with code: 204
[0518/201335.243:ERROR:request_handler.cc(148)] Server responded with non-success code: 204
[0518/201335.243:INFO:request_handler.cc(666)] Finishing handling event.
[0518/211353.254:INFO:request_handler.cc(348)] Handling periodic notification check event.
[0518/211353.255:INFO:request_handler.cc(398)] Requesting notification list from: https://browser-notifications.opera.com/api/v1/
[0518/211353.507:INFO:request_handler.cc(137)] Request performed successfully, server responded with code: 204
[0518/211353.507:ERROR:request_handler.cc(148)] Server responded with non-success code: 204
[0518/211353.508:INFO:request_handler.cc(666)] Finishing handling event.
[0519/080927.592:ERROR:tracking_data_utils.cc(72)] Can't read edition: missing value.
[0519/080927.767:INFO:browser_installation_event_reporter.cc(142)] Installed browsers:
[0519/080927.767:INFO:browser_installation_event_reporter.cc(144)] Chrome
[0519/080957.609:ERROR:tracking_data_utils.cc(72)] Can't read edition: missing value.
[0519/081027.774:INFO:request_handler.cc(348)] Handling periodic notification check event.
[0519/081027.775:INFO:request_handler.cc(398)] Requesting notification list from: https://browser-notifications.opera.com/api/v1/
[0519/081027.916:INFO:request_handler.cc(137)] Request performed successfully, server responded with code: 204
[0519/081027.916:ERROR:request_handler.cc(148)] Server responded with non-success code: 204
[0519/081027.917:INFO:request_handler.cc(666)] Finishing handling event.
[0519/144246.943:ERROR:tracking_data_utils.cc(72)] Can't read edition: missing value.
[0519/144247.203:INFO:browser_installation_event_reporter.cc(142)] Installed browsers:
[0519/144247.203:INFO:browser_installation_event_reporter.cc(144)] Chrome
[0519/144316.953:ERROR:tracking_data_utils.cc(72)] Can't read edition: missing value.
[0519/144320.215:INFO:request_handler.cc(348)] Handling periodic notification check event.
[0519/144320.216:INFO:request_handler.cc(398)] Requesting notification list from: https://browser-notifications.opera.com/api/v1/
[0519/144320.328:INFO:request_handler.cc(137)] Request performed successfully, server responded with code: 204
[0519/144320.328:ERROR:request_handler.cc(148)] Server responded with non-success code: 204
[0519/144320.329:INFO:request_handler.cc(666)] Finishing handling event.
[0519/154349.336:INFO:request_handler.cc(348)] Handling periodic notification check event.
[0519/154349.337:INFO:request_handler.cc(398)] Requesting notification list from: https://browser-notifications.opera.com/api/v1/
[0519/154349.468:INFO:request_handler.cc(137)] Request performed successfully, server responded with code: 204
[0519/154349.468:ERROR:request_handler.cc(148)] Server responded with non-success code: 204
[0519/154349.469:INFO:request_handler.cc(666)] Finishing handling event.
[0519/164355.476:INFO:request_handler.cc(348)] Handling periodic notification check event.
[0519/164355.477:INFO:request_handler.cc(398)] Requesting notification list from: https://browser-notifications.opera.com/api/v1/
[0519/164355.620:INFO:request_handler.cc(137)] Request performed successfully, server responded with code: 204
[0519/164355.620:ERROR:request_handler.cc(148)] Server responded with non-success code: 204
[0519/164355.620:INFO:request_handler.cc(666)] Finishing handling event.
[0519/174425.635:INFO:request_handler.cc(348)] Handling periodic notification check event.
[0519/174425.635:INFO:request_handler.cc(398)] Requesting notification list from: https://browser-notifications.opera.com/api/v1/
[0519/174425.771:INFO:request_handler.cc(137)] Request performed successfully, server responded with code: 204
[0519/174425.771:ERROR:request_handler.cc(148)] Server responded with non-success code: 204
[0519/174425.772:INFO:request_handler.cc(666)] Finishing handling event.
[0519/180429.601:ERROR:tracking_data_utils.cc(72)] Can't read edition: missing value.
[0519/180429.779:INFO:browser_installation_event_reporter.cc(142)] Installed browsers:
[0519/180429.779:INFO:browser_installation_event_reporter.cc(144)] Chrome
[0519/180459.613:ERROR:tracking_data_utils.cc(72)] Can't read edition: missing value.
[0519/180545.794:INFO:request_handler.cc(348)] Handling periodic notification check event.
[0519/180545.800:INFO:request_handler.cc(398)] Requesting notification list from: https://browser-notifications.opera.com/api/v1/
[0519/180545.924:INFO:request_handler.cc(137)] Request performed successfully, server responded with code: 204
[0519/180545.924:ERROR:request_handler.cc(148)] Server responded with non-success code: 204
[0519/180545.925:INFO:request_handler.cc(666)] Finishing handling event.
[0519/190516.929:INFO:request_handler.cc(348)] Handling periodic notification check event.
[0519/190516.929:INFO:request_handler.cc(398)] Requesting notification list from: https://browser-notifications.opera.com/api/v1/
[0519/190517.059:INFO:request_handler.cc(137)] Request performed successfully, server responded with code: 204
[0519/190517.059:ERROR:request_handler.cc(148)] Server responded with non-success code: 204
[0519/190517.059:INFO:request_handler.cc(666)] Finishing handling event.
[0519/200541.070:INFO:request_handler.cc(348)] Handling periodic notification check event.
[0519/200541.071:INFO:request_handler.cc(398)] Requesting notification list from: https://browser-notifications.opera.com/api/v1/
[0519/200541.188:INFO:request_handler.cc(137)] Request performed successfully, server responded with code: 204
[0519/200541.189:ERROR:request_handler.cc(148)] Server responded with non-success code: 204
[0519/200541.189:INFO:request_handler.cc(666)] Finishing handling event.
[0520/071830.861:ERROR:tracking_data_utils.cc(72)] Can't read edition: missing value.
[0520/071830.983:INFO:browser_installation_event_reporter.cc(142)] Installed browsers:
[0520/071830.983:INFO:browser_installation_event_reporter.cc(144)] Chrome
[0520/071900.879:ERROR:tracking_data_utils.cc(72)] Can't read edition: missing value.
[0520/071917.997:INFO:request_handler.cc(348)] Handling periodic notification check event.
[0520/071917.999:INFO:request_handler.cc(398)] Requesting notification list from: https://browser-notifications.opera.com/api/v1/
[0520/071918.142:INFO:request_handler.cc(137)] Request performed successfully, server responded with code: 204
[0520/071918.142:ERROR:request_handler.cc(148)] Server responded with non-success code: 204
[0520/071918.142:INFO:request_handler.cc(666)] Finishing handling event.
[0521/155250.293:ERROR:tracking_data_utils.cc(72)] Can't read edition: missing value.
[0521/155250.529:INFO:browser_installation_event_reporter.cc(142)] Installed browsers:
[0521/155250.529:INFO:browser_installation_event_reporter.cc(144)] Chrome
[0521/155320.315:ERROR:tracking_data_utils.cc(72)] Can't read edition: missing value.
[0521/155418.533:INFO:request_handler.cc(348)] Handling periodic notification check event.
[0521/155418.534:INFO:request_handler.cc(398)] Requesting notification list from: https://browser-notifications.opera.com/api/v1/
[0521/155418.669:INFO:request_handler.cc(137)] Request performed successfully, server responded with code: 204
[0521/155418.669:ERROR:request_handler.cc(148)] Server responded with non-success code: 204
[0521/155418.669:INFO:request_handler.cc(666)] Finishing handling event.
[0521/165404.685:INFO:request_handler.cc(348)] Handling periodic notification check event.
[0521/165404.686:INFO:request_handler.cc(398)] Requesting notification list from: https://browser-notifications.opera.com/api/v1/
[0521/165404.818:INFO:request_handler.cc(137)] Request performed successfully, server responded with code: 204
[0521/165404.818:ERROR:request_handler.cc(148)] Server responded with non-success code: 204
[0521/165404.819:INFO:request_handler.cc(666)] Finishing handling event.
[0521/175354.831:INFO:request_handler.cc(348)] Handling periodic notification check event.
[0521/175354.831:INFO:request_handler.cc(398)] Requesting notification list from: https://browser-notifications.opera.com/api/v1/
[0521/175354.957:INFO:request_handler.cc(137)] Request performed successfully, server responded with code: 204
[0521/175354.957:ERROR:request_handler.cc(148)] Server responded with non-success code: 204
[0521/175354.958:INFO:request_handler.cc(666)] Finishing handling event.
[0521/185347.972:INFO:request_handler.cc(348)] Handling periodic notification check event.
[0521/185347.973:INFO:request_handler.cc(398)] Requesting notification list from: https://browser-notifications.opera.com/api/v1/
[0521/185348.095:INFO:request_handler.cc(137)] Request performed successfully, server responded with code: 204
[0521/185348.095:ERROR:request_handler.cc(148)] Server responded with non-success code: 204
[0521/185348.096:INFO:request_handler.cc(666)] Finishing handling event.
[0521/190348.781:ERROR:tracking_data_utils.cc(72)] Can't read edition: missing value.
[0521/190349.027:INFO:browser_installation_event_reporter.cc(142)] Installed browsers:
[0521/190349.027:INFO:browser_installation_event_reporter.cc(144)] Chrome
[0521/190418.801:ERROR:tracking_data_utils.cc(72)] Can't read edition: missing value.
[0521/190447.039:INFO:request_handler.cc(348)] Handling periodic notification check event.
[0521/190447.039:INFO:request_handler.cc(398)] Requesting notification list from: https://browser-notifications.opera.com/api/v1/
[0521/190447.152:INFO:request_handler.cc(137)] Request performed successfully, server responded with code: 204
[0521/190447.152:ERROR:request_handler.cc(148)] Server responded with non-success code: 204
[0521/190447.153:INFO:request_handler.cc(666)] Finishing handling event.
[0522/122646.696:ERROR:tracking_data_utils.cc(72)] Can't read edition: missing value.
[0522/122646.907:INFO:browser_installation_event_reporter.cc(142)] Installed browsers:
[0522/122646.907:INFO:browser_installation_event_reporter.cc(144)] Chrome
[0522/122655.588:INFO:battery_watcher_impl.cc(43)] Power status changed, AC power supply is connected.
[0522/122659.028:WARNING:network_thread.cc(184)] Retry limit exceeded. Dumping messages!
[0522/122716.703:ERROR:tracking_data_utils.cc(72)] Can't read edition: missing value.
[0522/122808.922:INFO:request_handler.cc(348)] Handling periodic notification check event.
[0522/122808.923:INFO:request_handler.cc(398)] Requesting notification list from: https://browser-notifications.opera.com/api/v1/
[0522/122808.926:ERROR:request_handler.cc(129)] Request failed with code: 6
[0522/122808.927:INFO:request_handler.cc(666)] Finishing handling event.
[0522/122820.962:WARNING:network_thread.cc(184)] Retry limit exceeded. Dumping messages!
[0522/125458.172:ERROR:tracking_data_utils.cc(72)] Can't read edition: missing value.
[0522/125458.398:INFO:browser_installation_event_reporter.cc(142)] Installed browsers:
[0522/125458.398:INFO:browser_installation_event_reporter.cc(144)] Chrome
[0522/125528.190:ERROR:tracking_data_utils.cc(72)] Can't read edition: missing value.
[0522/125538.409:INFO:request_handler.cc(348)] Handling periodic notification check event.
[0522/125538.410:INFO:request_handler.cc(398)] Requesting notification list from: https://browser-notifications.opera.com/api/v1/
[0522/125538.645:INFO:request_handler.cc(137)] Request performed successfully, server responded with code: 204
[0522/125538.645:ERROR:request_handler.cc(148)] Server responded with non-success code: 204
[0522/125538.646:INFO:request_handler.cc(666)] Finishing handling event.
[0522/131256.030:INFO:battery_watcher_impl.cc(43)] Power status changed, AC power supply is connected.
[0522/135536.652:INFO:request_handler.cc(348)] Handling periodic notification check event.
[0522/135536.653:INFO:request_handler.cc(398)] Requesting notification list from: https://browser-notifications.opera.com/api/v1/
[0522/135536.775:INFO:request_handler.cc(137)] Request performed successfully, server responded with code: 204
[0522/135536.775:ERROR:request_handler.cc(148)] Server responded with non-success code: 204
[0522/135536.776:INFO:request_handler.cc(666)] Finishing handling event.
